app/build/outputs/mapping/release/mapping.txt
# compiler: R8
# compiler_version: 8.5.10
# min_api: 19
# common_typos_disable
# {"id":"com.android.tools.r8.mapping","version":"2.2"}
# pg_map_id: 3d10a64
# pg_map_hash: SHA-256 3d10a64f964e06bdd74784cabc12ac72449153ec2298cff56e32fb5e5c6cbc2a
ir.technopay.twa.Application -> ir.technopay.twa.Application:
# {"id":"sourceFile","fileName":"Application.java"}
ir.technopay.twa.DelegationService -> ir.technopay.twa.DelegationService:
# {"id":"sourceFile","fileName":"DelegationService.java"}
ir.technopay.twa.LauncherActivity -> ir.technopay.twa.LauncherActivity:
# {"id":"sourceFile","fileName":"LauncherActivity.java"}
    1:1:android.net.Uri getLaunchingUrl():0:0 -> h
...
com.google.androidbrowserhelper.trusted.LauncherActivity -> n.h:
# {"id":"sourceFile","fileName":"LauncherActivity.java"}
    com.google.androidbrowserhelper.trusted.LauncherActivityMetadata mMetadata -> a
      # {"id":"com.android.tools.r8.residualsignature","signature":"Ln/i;"}
    boolean mBrowserWasLaunched -> b
    com.google.androidbrowserhelper.trusted.splashscreens.PwaWrapperSplashScreenStrategy mSplashScreenStrategy -> c
      # {"id":"com.android.tools.r8.residualsignature","signature":"Lo/c;"}
    com.google.androidbrowserhelper.trusted.TwaLauncher mTwaLauncher -> d
      # {"id":"com.android.tools.r8.residualsignature","signature":"Ln/H;"}
    boolean sChromeVersionChecked -> e
    int sLauncherActivitiesAlive -> f
    1:4:void <init>():0:0 -> <init>
    1:1:void n.LauncherActivity.$r8$lambda$3hzfHJhFJZQ5nI3Mti9chnnx2cM(n.LauncherActivity):0:0 -> a
      # {"id":"com.android.tools.r8.synthesized"}
      # {"id":"com.android.tools.r8.residualsignature","signature":"(Ln/h;)V"}
    1:59:void addShareDataIfPresent(androidx.browser.trusted.TrustedWebActivityIntentBuilder):0:0 -> b
      # {"id":"com.android.tools.r8.residualsignature","signature":"(Lf/q;)V"}
    1:6:com.google.androidbrowserhelper.trusted.TwaLauncher createTwaLauncher():0:0 -> c
      # {"id":"com.android.tools.r8.residualsignature","signature":"()Ln/H;"}
    1:5:int getColorCompat(int):0:0 -> d
    1:6:androidx.browser.customtabs.CustomTabsCallback getCustomTabsCallback():0:0 -> e
com.google.androidbrowserhelper.trusted.LauncherActivity$$ExternalSyntheticLambda0 -> n.g:
# {"id":"sourceFile","fileName":"R8$$SyntheticClass"}
# {"id":"com.android.tools.r8.synthesized"}
    com.google.androidbrowserhelper.trusted.LauncherActivity com.google.androidbrowserhelper.trusted.LauncherActivity$$InternalSyntheticLambda$1$d6e17f375f6c9c31ec4180080cb2b267785baf6f34a2d45886d50dc7d8912c6e$0.f$0 -> a
      # {"id":"com.android.tools.r8.residualsignature","signature":"Ln/h;"}
      # {"id":"com.android.tools.r8.synthesized"}
    1:1:void n.LauncherActivity$$ExternalSyntheticLambda0.<init>(n.LauncherActivity):0:0 -> <init>
      # {"id":"com.android.tools.r8.synthesized"}
      # {"id":"com.android.tools.r8.residualsignature","signature":"(Ln/h;)V"}
    1:1:void n.LauncherActivity$$ExternalSyntheticLambda0.run():0:0 -> run
      # {"id":"com.android.tools.r8.synthesized"}
com.google.androidbrowserhelper.trusted.LauncherActivityMetadata -> n.i:
# {"id":"sourceFile","fileName":"LauncherActivityMetadata.java"}
    java.lang.String defaultUrl -> a
    int statusBarColorId -> b
    int statusBarColorDarkId -> c
    int navigationBarColorId -> d
    int navigationBarColorDarkId -> e
    int navigationBarDividerColorId -> f
    int navigationBarDividerColorDarkId -> g
    int splashImageDrawableId -> h
    int splashScreenBackgroundColorId -> i
    java.lang.String fileProviderAuthority -> j
    int splashScreenFadeOutDurationMillis -> k
    java.util.List additionalTrustedOrigins -> l
    java.lang.String fallbackStrategyType -> m
    androidx.browser.trusted.TrustedWebActivityDisplayMode displayMode -> n
      # {"id":"com.android.tools.r8.residualsignature","signature":"Lf/o;"}
    int screenOrientation -> o
    java.lang.String shareTarget -> p
    1:166:void <init>(android.os.Bundle,android.content.res.Resources):0:0 -> <init>
    1:42:androidx.browser.trusted.TrustedWebActivityDisplayMode getDisplayMode(android.os.Bundle):0:0 -> a
      # {"id":"com.android.tools.r8.residualsignature","signature":"(Landroid/os/Bundle;)Lf/o;"}
    13:122:int getOrientation(java.lang.String):0:0 -> b
    1:40:com.google.androidbrowserhelper.trusted.LauncherActivityMetadata parse(android.content.Context):0:0 -> c
      # {"id":"com.android.tools.r8.residualsignature","signature":"(Landroid/content/Context;)Ln/i;"}