app/build/outputs/mapping/release/usage.txt
ir.technopay.twa.R$bool
ir.technopay.twa.R$color
ir.technopay.twa.R$drawable
ir.technopay.twa.R$integer
ir.technopay.twa.R$mipmap
ir.technopay.twa.R$raw
ir.technopay.twa.R$string
ir.technopay.twa.R$xml
ir.technopay.twa.R
...
androidx.core.provider.FontRequest
androidx.core.provider.FontsContractCompat$1
androidx.core.provider.FontsContractCompat$2
androidx.core.provider.FontsContractCompat$3
androidx.core.provider.FontsContractCompat$4$1
androidx.core.provider.FontsContractCompat$4$2
androidx.core.provider.FontsContractCompat$4$3
androidx.core.provider.FontsContractCompat$4$4
androidx.core.provider.FontsContractCompat$4$5
androidx.core.provider.FontsContractCompat$4$6
androidx.core.provider.FontsContractCompat$4$7
androidx.core.provider.FontsContractCompat$4$8
androidx.core.provider.FontsContractCompat$4$9
androidx.core.provider.FontsContractCompat$4
androidx.core.provider.FontsContractCompat$5
androidx.core.provider.FontsContractCompat$Columns
androidx.core.provider.FontsContractCompat$FontFamilyResult
androidx.core.provider.FontsContractCompat$FontInfo
androidx.core.provider.FontsContractCompat$FontRequestCallback$FontRequestFailReason
androidx.core.provider.FontsContractCompat$FontRequestCallback
androidx.core.provider.FontsContractCompat$TypefaceResult
androidx.core.provider.FontsContractCompat
androidx.core.provider.SelfDestructiveThread$1
androidx.core.provider.SelfDestructiveThread$2$1
androidx.core.provider.SelfDestructiveThread$2
androidx.core.provider.SelfDestructiveThread$3
androidx.core.provider.SelfDestructiveThread$ReplyCallback
androidx.core.provider.SelfDestructiveThread
androidx.core.telephony.mbms.MbmsHelper
androidx.core.text.BidiFormatter$Builder
androidx.core.text.BidiFormatter$DirectionalityEstimator
androidx.core.text.BidiFormatter
androidx.core.text.HtmlCompat
androidx.core.text.ICUCompat
androidx.core.text.PrecomputedTextCompat$Params$Builder
androidx.core.text.PrecomputedTextCompat$Params
androidx.core.text.PrecomputedTextCompat$PrecomputedTextFutureTask$PrecomputedTextCallback
androidx.core.text.PrecomputedTextCompat$PrecomputedTextFutureTask
androidx.core.text.PrecomputedTextCompat
androidx.core.text.TextDirectionHeuristicCompat
androidx.core.text.TextDirectionHeuristicsCompat$AnyStrong
androidx.core.text.TextDirectionHeuristicsCompat$FirstStrong
androidx.core.text.TextDirectionHeuristicsCompat$TextDirectionAlgorithm
androidx.core.text.TextDirectionHeuristicsCompat$TextDirectionHeuristicImpl
androidx.core.text.TextDirectionHeuristicsCompat$TextDirectionHeuristicInternal
androidx.core.text.TextDirectionHeuristicsCompat$TextDirectionHeuristicLocale
androidx.core.text.TextDirectionHeuristicsCompat
androidx.core.text.TextUtilsCompat
androidx.core.text.util.FindAddress$ZipRange
androidx.core.text.util.FindAddress
androidx.core.text.util.LinkifyCompat$1
androidx.core.text.util.LinkifyCompat$LinkSpec
androidx.core.text.util.LinkifyCompat$LinkifyMask
androidx.core.text.util.LinkifyCompat
androidx.core.util.AtomicFile
androidx.core.util.Consumer
androidx.core.util.DebugUtils
androidx.core.util.LogWriter
androidx.core.util.ObjectsCompat
androidx.core.util.Pair
androidx.core.util.PatternsCompat
androidx.core.util.Pools$Pool
androidx.core.util.Pools$SimplePool
androidx.core.util.Pools$SynchronizedPool
androidx.core.util.Pools
androidx.core.util.Preconditions
androidx.core.util.Supplier
androidx.core.util.TimeUtils
androidx.core.view.AccessibilityDelegateCompat$AccessibilityDelegateAdapter
androidx.core.view.AccessibilityDelegateCompat
androidx.core.view.ActionProvider$SubUiVisibilityListener
androidx.core.view.ActionProvider$VisibilityListener
androidx.core.view.ActionProvider
androidx.core.view.DisplayCutoutCompat
androidx.core.view.DragAndDropPermissionsCompat
androidx.core.view.DragStartHelper$1
androidx.core.view.DragStartHelper$2
androidx.core.view.DragStartHelper$OnDragStartListener
androidx.core.view.DragStartHelper
androidx.core.view.GestureDetectorCompat$GestureDetectorCompatImpl
androidx.core.view.GestureDetectorCompat$GestureDetectorCompatImplBase$GestureHandler
androidx.core.view.GestureDetectorCompat$GestureDetectorCompatImplBase
androidx.core.view.GestureDetectorCompat$GestureDetectorCompatImplJellybeanMr2